
> my-todo@0.1.0 dev
> next dev & open-cli http://localhost:3000

▲ Next.js 16.1.6 (Turbopack)
- Local:         http://localhost:3000
- Network:       http://192.168.15.86:3000
- Environments: .env.local

✓ Starting...
⚠ The "middleware" file convention is deprecated. Please use "proxy" instead. Learn more: https://nextjs.org/docs/messages/middleware-to-proxy
✓ Ready in 669ms
 GET /sign-in 200 in 1399ms (compile: 1176ms, proxy.ts: 1843µs, render: 221ms)
 GET /sign-in 200 in 31ms (compile: 2ms, proxy.ts: 1810µs, render: 27ms)
 GET /sign-in 200 in 33ms (compile: 1681µs, proxy.ts: 1809µs, render: 30ms)
 GET /sign-in 200 in 71ms (compile: 4ms, proxy.ts: 3ms, render: 64ms)
 GET /sign-in 200 in 66ms (compile: 6ms, proxy.ts: 7ms, render: 54ms)
 GET /sign-in 200 in 35ms (compile: 2ms, proxy.ts: 1453µs, render: 31ms)
 GET /register 200 in 633ms (compile: 607ms, proxy.ts: 5ms, render: 21ms)
 GET /sign-in 200 in 43ms (compile: 4ms, proxy.ts: 4ms, render: 35ms)
 GET /sign-in 200 in 32ms (compile: 1411µs, proxy.ts: 1413µs, render: 29ms)
 GET /register 200 in 79ms (compile: 2ms, proxy.ts: 3ms, render: 73ms)
 GET /sign-in 200 in 44ms (compile: 2ms, proxy.ts: 2ms, render: 40ms)
 GET /sign-in 200 in 50ms (compile: 3ms, proxy.ts: 1484µs, render: 46ms)
 POST /api/set-cookie 200 in 200ms (compile: 190ms, render: 10ms)
 GET / 200 in 565ms (compile: 526ms, proxy.ts: 3ms, render: 36ms)
 GET / 200 in 696ms (compile: 546ms, proxy.ts: 129ms, render: 21ms)
 GET / 200 in 27ms (compile: 3ms, proxy.ts: 5ms, render: 19ms)
 POST /api/sign-out 200 in 102ms (compile: 95ms, render: 7ms)
 GET /sign-in 200 in 175ms (compile: 10ms, proxy.ts: 5ms, render: 159ms)
 GET /sign-in 200 in 190ms (compile: 24ms, proxy.ts: 3ms, render: 163ms)
 GET /sign-in 200 in 43ms (compile: 6ms, proxy.ts: 15ms, render: 22ms)
 GET /sign-in 200 in 40ms (compile: 1813µs, proxy.ts: 2ms, render: 36ms)
 GET /sign-in 200 in 51ms (compile: 1641µs, proxy.ts: 1520µs, render: 47ms)
 GET /sign-in 200 in 158ms (compile: 5ms, proxy.ts: 3ms, render: 151ms)
 GET /sign-in 200 in 33ms (compile: 3ms, proxy.ts: 1562µs, render: 29ms)
 GET /sign-in 200 in 33ms (compile: 1229µs, proxy.ts: 1277µs, render: 30ms)
 POST /api/set-cookie 200 in 12ms (compile: 7ms, render: 6ms)
 GET / 200 in 68ms (compile: 11ms, proxy.ts: 10ms, render: 47ms)
 GET / 200 in 69ms (compile: 26ms, proxy.ts: 7ms, render: 36ms)
 GET / 200 in 48ms (compile: 8ms, proxy.ts: 10ms, render: 30ms)
 POST /api/sign-out 200 in 33ms (compile: 19ms, render: 14ms)
 GET /sign-in 200 in 69ms (compile: 12ms, proxy.ts: 4ms, render: 52ms)
 GET /sign-in 200 in 65ms (compile: 34ms, proxy.ts: 4ms, render: 27ms)
 GET /sign-in 200 in 49ms (compile: 4ms, proxy.ts: 3ms, render: 42ms)
 GET /sign-in 200 in 43ms (compile: 3ms, proxy.ts: 3ms, render: 36ms)
 GET /sign-in 200 in 40ms (compile: 1237µs, proxy.ts: 1099µs, render: 38ms)
 POST /api/set-cookie 200 in 9ms (compile: 2ms, render: 7ms)
 GET / 200 in 41ms (compile: 6ms, proxy.ts: 7ms, render: 29ms)
 GET / 200 in 36ms (compile: 1941µs, proxy.ts: 18ms, render: 16ms)
 GET / 200 in 19ms (compile: 1849µs, proxy.ts: 3ms, render: 14ms)
✓ Compiled in 511ms
✓ Compiled in 168ms
✓ Compiled in 144ms
✓ Compiled in 71ms
